This is pdfTeX, Version 3.1415926-2.3-1.40.12 (TeX Live 2011) (format=pdflatex 2011.7.3)  30 AUG 2012 22:37
entering extended mode
 \write18 enabled.
 file:line:error style messages enabled.
 %&-line parsing enabled.
**Thesis.tex
(./Thesis.tex
LaTeX2e <2009/09/24>
Babel <v3.8l> and hyphenation patterns for english, dumylang, nohyphenation, ge
rman-x-2009-06-19, ngerman-x-2009-06-19, afrikaans, ancientgreek, ibycus, arabi
c, armenian, basque, bulgarian, catalan, pinyin, coptic, croatian, czech, danis
h, dutch, ukenglish, usenglishmax, esperanto, estonian, ethiopic, farsi, finnis
h, french, galician, german, ngerman, swissgerman, monogreek, greek, hungarian,
 icelandic, assamese, bengali, gujarati, hindi, kannada, malayalam, marathi, or
iya, panjabi, tamil, telugu, indonesian, interlingua, irish, italian, kurmanji,
 lao, latin, latvian, lithuanian, mongolian, mongolianlmc, bokmal, nynorsk, pol
ish, portuguese, romanian, russian, sanskrit, serbian, serbianc, slovak, sloven
ian, spanish, swedish, turkish, turkmen, ukrainian, uppersorbian, welsh, loaded
.
(./Thesis.cls
Document Class: Thesis 2007/22/02 v1.0 LaTeX document class
(/usr/local/texlive/2011/texmf-dist/tex/latex/base/book.cls
Document Class: book 2007/10/19 v1.4h Standard LaTeX document class
(/usr/local/texlive/2011/texmf-dist/tex/latex/base/bk11.clo
File: bk11.clo 2007/10/19 v1.4h Standard LaTeX file (size option)
)
\c@part=\count79
\c@chapter=\count80
\c@section=\count81
\c@subsection=\count82
\c@subsubsection=\count83
\c@paragraph=\count84
\c@subparagraph=\count85
\c@figure=\count86
\c@table=\count87
\abovecaptionskip=\skip41
\belowcaptionskip=\skip42
\bibindent=\dimen102
)
(/usr/local/texlive/2011/texmf-dist/tex/latex/setspace/setspace.sty
Package: setspace 2000/12/01 6.7 Contributed and Supported LaTeX2e package

Package: `setspace' 6.7 <2000/12/01>
) (/usr/local/texlive/2011/texmf-dist/tex/latex/vmargin/vmargin.sty
Package: vmargin 2004/07/15 V2.5 set document margins (VK)

Package: vmargin 2004/07/15 V2.5 set document margins (VK)
\PaperWidth=\dimen103
\PaperHeight=\dimen104
) (/usr/local/texlive/2011/texmf-dist/tex/latex/fancyhdr/fancyhdr.sty
\fancy@headwidth=\skip43
\f@ncyO@elh=\skip44
\f@ncyO@erh=\skip45
\f@ncyO@olh=\skip46
\f@ncyO@orh=\skip47
\f@ncyO@elf=\skip48
\f@ncyO@erf=\skip49
\f@ncyO@olf=\skip50
\f@ncyO@orf=\skip51
)
(/usr/local/texlive/2011/texmf-dist/tex/latex/amsmath/amsmath.sty
Package: amsmath 2000/07/18 v2.13 AMS math features
\@mathmargin=\skip52

For additional information on amsmath, use the `?' option.
(/usr/local/texlive/2011/texmf-dist/tex/latex/amsmath/amstext.sty
Package: amstext 2000/06/29 v2.01

(/usr/local/texlive/2011/texmf-dist/tex/latex/amsmath/amsgen.sty
File: amsgen.sty 1999/11/30 v2.0
\@emptytoks=\toks14
\ex@=\dimen105
))
(/usr/local/texlive/2011/texmf-dist/tex/latex/amsmath/amsbsy.sty
Package: amsbsy 1999/11/29 v1.2d
\pmbraise@=\dimen106
)
(/usr/local/texlive/2011/texmf-dist/tex/latex/amsmath/amsopn.sty
Package: amsopn 1999/12/14 v2.01 operator names
)
\inf@bad=\count88
LaTeX Info: Redefining \frac on input line 211.
\uproot@=\count89
\leftroot@=\count90
LaTeX Info: Redefining \overline on input line 307.
\classnum@=\count91
\DOTSCASE@=\count92
LaTeX Info: Redefining \ldots on input line 379.
LaTeX Info: Redefining \dots on input line 382.
LaTeX Info: Redefining \cdots on input line 467.
\Mathstrutbox@=\box26
\strutbox@=\box27
\big@size=\dimen107
LaTeX Font Info:    Redeclaring font encoding OML on input line 567.
LaTeX Font Info:    Redeclaring font encoding OMS on input line 568.
\macc@depth=\count93
\c@MaxMatrixCols=\count94
\dotsspace@=\muskip10
\c@parentequation=\count95
\dspbrk@lvl=\count96
\tag@help=\toks15
\row@=\count97
\column@=\count98
\maxfields@=\count99
\andhelp@=\toks16
\eqnshift@=\dimen108
\alignsep@=\dimen109
\tagshift@=\dimen110
\tagwidth@=\dimen111
\totwidth@=\dimen112
\lineht@=\dimen113
\@envbody=\toks17
\multlinegap=\skip53
\multlinetaggap=\skip54
\mathdisplay@stack=\toks18
LaTeX Info: Redefining \[ on input line 2666.
LaTeX Info: Redefining \] on input line 2667.
)
(/usr/local/texlive/2011/texmf-dist/tex/latex/amsfonts/amsfonts.sty
Package: amsfonts 2009/06/22 v3.00 Basic AMSFonts support
\symAMSa=\mathgroup4
\symAMSb=\mathgroup5
LaTeX Font Info:    Overwriting math alphabet `\mathfrak' in version `bold'
(Font)                  U/euf/m/n --> U/euf/b/n on input line 96.
)
(/usr/local/texlive/2011/texmf-dist/tex/latex/amsfonts/amssymb.sty
Package: amssymb 2009/06/22 v3.00
)
(/usr/local/texlive/2011/texmf-dist/tex/latex/amsmath/amscd.sty
Package: amscd 1999/11/29 v1.2d
\athelp@=\toks19
\minaw@=\dimen114
\bigaw@=\dimen115
\minCDarrowwidth=\dimen116
)
(/usr/local/texlive/2011/texmf-dist/tex/latex/amscls/amsthm.sty
Package: amsthm 2009/07/02 v2.20.1
\thm@style=\toks20
\thm@bodyfont=\toks21
\thm@headfont=\toks22
\thm@notefont=\toks23
\thm@headpunct=\toks24
\thm@preskip=\skip55
\thm@postskip=\skip56
\thm@headsep=\skip57
\dth@everypar=\toks25
)
(/usr/local/texlive/2011/texmf-dist/tex/latex/tools/xspace.sty
Package: xspace 2006/05/08 v1.12 Space after command names (DPC,MH)
)
\c@example=\count100
\c@theorem=\count101

(/usr/local/texlive/2011/texmf-dist/tex/latex/caption/caption.sty
Package: caption 2010/01/09 v3.1m Customizing captions (AR)

(/usr/local/texlive/2011/texmf-dist/tex/latex/caption/caption3.sty
Package: caption3 2010/01/14 v3.1m caption3 kernel (AR)

(/usr/local/texlive/2011/texmf-dist/tex/latex/graphics/keyval.sty
Package: keyval 1999/03/16 v1.13 key=value parser (DPC)
\KV@toks@=\toks26
)
\captionmargin=\dimen117
\captionmargin@=\dimen118
\captionwidth=\dimen119
\caption@indent=\dimen120
\caption@parindent=\dimen121
\caption@hangindent=\dimen122
)
\c@ContinuedFloat=\count102
)
(/usr/local/texlive/2011/texmf-dist/tex/latex/graphics/graphicx.sty
Package: graphicx 1999/02/16 v1.0f Enhanced LaTeX Graphics (DPC,SPQR)

(/usr/local/texlive/2011/texmf-dist/tex/latex/graphics/graphics.sty
Package: graphics 2009/02/05 v1.0o Standard LaTeX Graphics (DPC,SPQR)

(/usr/local/texlive/2011/texmf-dist/tex/latex/graphics/trig.sty
Package: trig 1999/03/16 v1.09 sin cos tan (DPC)
)
(/usr/local/texlive/2011/texmf-dist/tex/latex/latexconfig/graphics.cfg
File: graphics.cfg 2010/04/23 v1.9 graphics configuration of TeX Live
)
Package graphics Info: Driver file: pdftex.def on input line 91.

(/usr/local/texlive/2011/texmf-dist/tex/latex/pdftex-def/pdftex.def
File: pdftex.def 2011/05/27 v0.06d Graphics/color for pdfTeX

(/usr/local/texlive/2011/texmf-dist/tex/generic/oberdiek/infwarerr.sty
Package: infwarerr 2010/04/08 v1.3 Providing info/warning/message (HO)
)
(/usr/local/texlive/2011/texmf-dist/tex/generic/oberdiek/ltxcmds.sty
Package: ltxcmds 2011/04/18 v1.20 LaTeX kernel commands for general use (HO)
)
\Gread@gobject=\count103
))
\Gin@req@height=\dimen123
\Gin@req@width=\dimen124
)
(/usr/local/texlive/2011/texmf-dist/tex/latex/oberdiek/epstopdf.sty
Package: epstopdf 2010/02/09 v2.5 Conversion with epstopdf on the fly (HO)

(/usr/local/texlive/2011/texmf-dist/tex/latex/oberdiek/epstopdf-base.sty
Package: epstopdf-base 2010/02/09 v2.5 Base part for package epstopdf

(/usr/local/texlive/2011/texmf-dist/tex/latex/oberdiek/grfext.sty
Package: grfext 2010/08/19 v1.1 Managing graphics extensions (HO)

(/usr/local/texlive/2011/texmf-dist/tex/generic/oberdiek/kvdefinekeys.sty
Package: kvdefinekeys 2011/04/07 v1.3 Defining keys (HO)
))
(/usr/local/texlive/2011/texmf-dist/tex/latex/oberdiek/kvoptions.sty
Package: kvoptions 2010/12/23 v3.10 Keyval support for LaTeX options (HO)

(/usr/local/texlive/2011/texmf-dist/tex/generic/oberdiek/kvsetkeys.sty
Package: kvsetkeys 2011/04/07 v1.13 Key value parser (HO)

(/usr/local/texlive/2011/texmf-dist/tex/generic/oberdiek/etexcmds.sty
Package: etexcmds 2011/02/16 v1.5 Prefix for e-TeX command names (HO)

(/usr/local/texlive/2011/texmf-dist/tex/generic/oberdiek/ifluatex.sty
Package: ifluatex 2010/03/01 v1.3 Provides the ifluatex switch (HO)
Package ifluatex Info: LuaTeX not detected.
)
Package etexcmds Info: Could not find \expanded.
(etexcmds)             That can mean that you are not using pdfTeX 1.50 or
(etexcmds)             that some package has redefined \expanded.
(etexcmds)             In the latter case, load this package earlier.
)))
(/usr/local/texlive/2011/texmf-dist/tex/generic/oberdiek/pdftexcmds.sty
Package: pdftexcmds 2011/04/22 v0.16 Utilities of pdfTeX for LuaTeX (HO)

(/usr/local/texlive/2011/texmf-dist/tex/generic/oberdiek/ifpdf.sty
Package: ifpdf 2011/01/30 v2.3 Provides the ifpdf switch (HO)
Package ifpdf Info: pdfTeX in PDF mode is detected.
)
Package pdftexcmds Info: LuaTeX not detected.
Package pdftexcmds Info: \pdf@primitive is available.
Package pdftexcmds Info: \pdf@ifprimitive is available.
Package pdftexcmds Info: \pdfdraftmode found.
)
Package grfext Info: Graphics extension search list:
(grfext)             [.png,.pdf,.jpg,.mps,.jpeg,.jbig2,.jb2,.PNG,.PDF,.JPG,.JPE
G,.JBIG2,.JB2,.eps]
(grfext)             \AppendGraphicsExtensions on input line 452.

(/usr/local/texlive/2011/texmf-dist/tex/latex/latexconfig/epstopdf-sys.cfg
File: epstopdf-sys.cfg 2010/07/13 v1.3 Configuration of (r)epstopdf for TeX Liv
e
)))
(/usr/local/texlive/2011/texmf-dist/tex/latex/subfigure/subfigure.sty
Package: subfigure 2002/03/15 v2.1.5 subfigure package
\subfigtopskip=\skip58
\subfigcapskip=\skip59
\subfigcaptopadj=\dimen125
\subfigbottomskip=\skip60
\subfigcapmargin=\dimen126
\subfiglabelskip=\skip61
\c@subfigure=\count104
\c@lofdepth=\count105
\c@subtable=\count106
\c@lotdepth=\count107

****************************************
* Local config file subfigure.cfg used *
****************************************
(/usr/local/texlive/2011/texmf-dist/tex/latex/subfigure/subfigure.cfg)
\subfig@top=\skip62
\subfig@bottom=\skip63
)
(/usr/local/texlive/2011/texmf-dist/tex/latex/booktabs/booktabs.sty
Package: booktabs 2005/04/14 v1.61803 publication quality tables
\heavyrulewidth=\dimen127
\lightrulewidth=\dimen128
\cmidrulewidth=\dimen129
\belowrulesep=\dimen130
\belowbottomsep=\dimen131
\aboverulesep=\dimen132
\abovetopsep=\dimen133
\cmidrulesep=\dimen134
\cmidrulekern=\dimen135
\defaultaddspace=\dimen136
\@cmidla=\count108
\@cmidlb=\count109
\@aboverulesep=\dimen137
\@belowrulesep=\dimen138
\@thisruleclass=\count110
\@lastruleclass=\count111
\@thisrulewidth=\dimen139
)
(/usr/local/texlive/2011/texmf-dist/tex/latex/rotating/rotating.sty
Package: rotating 2009/03/28 v2.16a rotated objects in LaTeX

(/usr/local/texlive/2011/texmf-dist/tex/latex/base/ifthen.sty
Package: ifthen 2001/05/26 v1.1c Standard LaTeX ifthen package (DPC)
)
\c@r@tfl@t=\count112
\rotFPtop=\skip64
\rotFPbot=\skip65
\rot@float@box=\box28
\rot@mess@toks=\toks27
)
(/usr/local/texlive/2011/texmf-dist/tex/latex/listings/listings.sty
\lst@mode=\count113
\lst@gtempboxa=\box29
\lst@token=\toks28
\lst@length=\count114
\lst@currlwidth=\dimen140
\lst@column=\count115
\lst@pos=\count116
\lst@lostspace=\dimen141
\lst@width=\dimen142
\lst@newlines=\count117
\lst@lineno=\count118
\lst@maxwidth=\dimen143

(./lstpatch.sty

***
*** This is a patch for listings 1.3, but you're using
*** version 1.4.
***
*** Patch file not loaded.
***

) (/usr/local/texlive/2011/texmf-dist/tex/latex/listings/lstmisc.sty
File: lstmisc.sty 2007/02/22 1.4 (Carsten Heinz)
\c@lstnumber=\count119
\lst@skipnumbers=\count120
\lst@framebox=\box30
)
(/usr/local/texlive/2011/texmf-dist/tex/latex/listings/listings.cfg
File: listings.cfg 2007/02/22 1.4 listings configuration
))
Package: listings 2007/02/22 1.4 (Carsten Heinz)

(./lstpatch.sty

***
*** This is a patch for listings 1.3, but you're using
*** version 1.4.
***
 *** Patch file not loaded.
***

) (/usr/local/texlive/2011/texmf-dist/tex/latex/hyperref/hyperref.sty
Package: hyperref 2011/04/17 v6.82g Hypertext links for LaTeX

(/usr/local/texlive/2011/texmf-dist/tex/generic/oberdiek/hobsub-hyperref.sty
Package: hobsub-hyperref 2011/04/23 v1.4 Bundle oberdiek, subset hyperref (HO)

(/usr/local/texlive/2011/texmf-dist/tex/generic/oberdiek/hobsub-generic.sty
Package: hobsub-generic 2011/04/23 v1.4 Bundle oberdiek, subset generic (HO)
Package: hobsub 2011/04/23 v1.4 Subsetting bundle oberdiek (HO)
Package hobsub Info: Skipping package `infwarerr' (already loaded).
Package hobsub Info: Skipping package `ltxcmds' (already loaded).
Package hobsub Info: Skipping package `ifluatex' (already loaded).
Package: ifvtex 2010/03/01 v1.5 Switches for detecting VTeX and its modes (HO)
Package ifvtex Info: VTeX not detected.
Package: intcalc 2007/09/27 v1.1 Expandable integer calculations (HO)
Package hobsub Info: Skipping package `ifpdf' (already loaded).
Package hobsub Info: Skipping package `etexcmds' (already loaded).
Package hobsub Info: Skipping package `kvsetkeys' (already loaded).
Package hobsub Info: Skipping package `kvdefinekeys' (already loaded).
Package hobsub Info: Skipping package `pdftexcmds' (already loaded).
Package: pdfescape 2011/04/04 v1.12 Provides string conversions (HO)
Package: bigintcalc 2011/01/30 v1.2 Expandable big integer calculations (HO)
Package: bitset 2011/01/30 v1.1 Data type bit set (HO)
Package: uniquecounter 2011/01/30 v1.2 Provides unlimited unique counter (HO)
)
Package hobsub Info: Skipping package `hobsub' (already loaded).
Package: letltxmacro 2010/09/02 v1.4 Let assignment for LaTeX macros (HO)
Package: hopatch 2011/01/30 v1.0 Wrapper for package hooks (HO)
Package: xcolor-patch 2011/01/30 xcolor patch
Package: atveryend 2011/04/23 v1.7 Hooks at very end of document (HO)
Package atveryend Info: \enddocument detected (standard).
Package: atbegshi 2011/01/30 v1.15 At begin shipout hook (HO)
Package: refcount 2010/12/01 v3.2 Data extraction from references (HO)
Package: hycolor 2011/01/30 v1.7 Color options of hyperref/bookmark (HO)
)
(/usr/local/texlive/2011/texmf-dist/tex/generic/ifxetex/ifxetex.sty
Package: ifxetex 2010/09/12 v0.6 Provides ifxetex conditional
)
\@linkdim=\dimen144
\Hy@linkcounter=\count121
\Hy@pagecounter=\count122

(/usr/local/texlive/2011/texmf-dist/tex/latex/hyperref/pd1enc.def
File: pd1enc.def 2011/04/17 v6.82g Hyperref: PDFDocEncoding definition (HO)
)
\Hy@SavedSpaceFactor=\count123

(/usr/local/texlive/2011/texmf-dist/tex/latex/latexconfig/hyperref.cfg
File: hyperref.cfg 2002/06/06 v1.2 hyperref configuration of TeXLive
)
Package hyperref Info: Option `bookmarks' set `true' on input line 3905.
Package hyperref Info: Option `bookmarksopen' set `true' on input line 3905.
Package hyperref Info: Option `bookmarksnumbered' set `true' on input line 3905
.
Package hyperref Info: Option `hypertexnames' set `false' on input line 3905.
Package hyperref Info: Option `colorlinks' set `true' on input line 3905.
Package hyperref Info: Option `unicode' set `true' on input line 3905.

(/usr/local/texlive/2011/texmf-dist/tex/latex/hyperref/puenc.def
File: puenc.def 2011/04/17 v6.82g Hyperref: PDF Unicode definition (HO)
)
Package hyperref Info: Option `breaklinks' set `true' on input line 3905.
Package hyperref Info: Hyper figures OFF on input line 4026.
Package hyperref Info: Link nesting OFF on input line 4031.
Package hyperref Info: Hyper index ON on input line 4034.
Package hyperref Info: Plain pages OFF on input line 4041.
Package hyperref Info: Backreferencing OFF on input line 4046.
Package hyperref Info: Implicit mode ON; LaTeX internals redefined.
Package hyperref Info: Bookmarks ON on input line 4264.
\c@Hy@tempcnt=\count124

(/usr/local/texlive/2011/texmf-dist/tex/latex/url/url.sty
\Urlmuskip=\muskip11
Package: url 2006/04/12  ver 3.3  Verb mode for urls, etc.
)
LaTeX Info: Redefining \url on input line 4617.
\Fld@menulength=\count125
\Field@Width=\dimen145
\Fld@charsize=\dimen146
Package hyperref Info: Hyper figures OFF on input line 5701.
Package hyperref Info: Link nesting OFF on input line 5706.
Package hyperref Info: Hyper index ON on input line 5709.
Package hyperref Info: backreferencing OFF on input line 5716.
Package hyperref Info: Link coloring ON on input line 5719.
Package hyperref Info: Link coloring with OCG OFF on input line 5726.
Package hyperref Info: PDF/A mode OFF on input line 5731.
LaTeX Info: Redefining \ref on input line 5771.
LaTeX Info: Redefining \pageref on input line 5775.
\Hy@abspage=\count126
\c@Item=\count127
\c@Hfootnote=\count128
)

Package hyperref Message: Driver (autodetected): hpdftex.

(/usr/local/texlive/2011/texmf-dist/tex/latex/hyperref/hpdftex.def
File: hpdftex.def 2011/04/17 v6.82g Hyperref driver for pdfTeX
\Fld@listcount=\count129
\c@bookmark@seq@number=\count130

(/usr/local/texlive/2011/texmf-dist/tex/latex/oberdiek/rerunfilecheck.sty
Package: rerunfilecheck 2011/04/15 v1.7 Rerun checks for auxiliary files (HO)
Package uniquecounter Info: New unique counter `rerunfilecheck' on input line 2
82.
)
\Hy@SectionHShift=\skip66
)
\c@dummy=\count131

(/usr/local/texlive/2011/texmf-dist/tex/latex/tools/longtable.sty
Package: longtable 2004/02/01 v4.11 Multi-page Table package (DPC)
\LTleft=\skip67
\LTright=\skip68
\LTpre=\skip69
\LTpost=\skip70
\LTchunksize=\count132
\LTcapwidth=\dimen147
\LT@head=\box31
\LT@firsthead=\box32
\LT@foot=\box33
\LT@lastfoot=\box34
\LT@cols=\count133
\LT@rows=\count134
\c@LT@tables=\count135
\c@LT@chunks=\count136
\LT@p@ftn=\toks29
))
(/usr/local/texlive/2011/texmf-dist/tex/latex/natbib/natbib.sty
Package: natbib 2010/09/13 8.31b (PWD, AO)
\bibhang=\skip71
\bibsep=\skip72
LaTeX Info: Redefining \cite on input line 694.
\c@NAT@ctr=\count137
)
(/usr/local/texlive/2011/texmf-dist/tex/latex/tools/verbatim.sty
Package: verbatim 2003/08/22 v1.5q LaTeX2e package for verbatim enhancements
\every@verbatim=\toks30
\verbatim@line=\toks31
\verbatim@in@stream=\read1
) (./vector.sty
Package: vector 1994/09/16 v1.0 vector macros for LaTeX2e (nde)
(/usr/local/texlive/2011/texmf-dist/tex/latex/tools/calc.sty
Package: calc 2007/08/22 v4.3 Infix arithmetic (KKT,FJ)
\calc@Acount=\count138
\calc@Bcount=\count139
\calc@Adimen=\dimen148
\calc@Bdimen=\dimen149
\calc@Askip=\skip73
\calc@Bskip=\skip74
LaTeX Info: Redefining \setlength on input line 76.
LaTeX Info: Redefining \addtolength on input line 77.
\calc@Ccount=\count140
\calc@Cskip=\skip75
)
\c@vec@elem=\count141
)
Package hyperref Info: Option `colorlinks' set `true' on input line 13.
 (./Thesis.aux

LaTeX Warning: Label `Chapter1' multiply defined.

)
\openout1 = `Thesis.aux'.

LaTeX Font Info:    Checking defaults for OML/cmm/m/it on input line 16.
LaTeX Font Info:    ... okay on input line 16.
LaTeX Font Info:    Checking defaults for T1/cmr/m/n on input line 16.
LaTeX Font Info:    ... okay on input line 16.
LaTeX Font Info:    Checking defaults for OT1/cmr/m/n on input line 16.
LaTeX Font Info:    ... okay on input line 16.
LaTeX Font Info:    Checking defaults for OMS/cmsy/m/n on input line 16.
LaTeX Font Info:    ... okay on input line 16.
LaTeX Font Info:    Checking defaults for OMX/cmex/m/n on input line 16.
LaTeX Font Info:    ... okay on input line 16.
LaTeX Font Info:    Checking defaults for U/cmr/m/n on input line 16.
LaTeX Font Info:    ... okay on input line 16.
LaTeX Font Info:    Checking defaults for PD1/pdf/m/n on input line 16.
LaTeX Font Info:    ... okay on input line 16.
LaTeX Font Info:    Checking defaults for PU/pdf/m/n on input line 16.
LaTeX Font Info:    ... okay on input line 16.
Package caption Info: Begin \AtBeginDocument code.
Package caption Info: hyperref package is loaded.
Package caption Info: listings package is loaded.
Package caption Info: longtable package is loaded.
 (/usr/local/texlive/2011/texmf-dist/tex/latex/caption/ltcaption.sty
Package: ltcaption 2008/03/28 v1.2 longtable captions (AR)
)
Package caption Info: rotating package is loaded.
Package caption Info: subfigure package is loaded.
Package caption Info: End \AtBeginDocument code.

(/usr/local/texlive/2011/texmf-dist/tex/context/base/supp-pdf.mkii
[Loading MPS to PDF converter (version 2006.09.02).]
\scratchcounter=\count142
\scratchdimen=\dimen150
\scratchbox=\box35
\nofMPsegments=\count143
\nofMParguments=\count144
\everyMPshowfont=\toks32
\MPscratchCnt=\count145
\MPscratchDim=\dimen151
\MPnumerator=\count146
\makeMPintoPDFobject=\count147
\everyMPtoPDFconversion=\toks33
)
\c@lstlisting=\count148
\AtBeginShipoutBox=\box36
 (/usr/local/texlive/2011/texmf-dist/tex/latex/graphics/color.sty
Package: color 2005/11/14 v1.0j Standard LaTeX Color (DPC)

(/usr/local/texlive/2011/texmf-dist/tex/latex/latexconfig/color.cfg
File: color.cfg 2007/01/18 v1.5 color configuration of teTeX/TeXLive
)
Package color Info: Driver file: pdftex.def on input line 130.
)
Package hyperref Info: Link coloring ON on input line 16.

(/usr/local/texlive/2011/texmf-dist/tex/latex/hyperref/nameref.sty
Package: nameref 2010/04/30 v2.40 Cross-referencing by name of section

(/usr/local/texlive/2011/texmf-dist/tex/generic/oberdiek/gettitlestring.sty
Package: gettitlestring 2010/12/03 v1.4 Cleanup title references (HO)
)
\c@section@level=\count149
)
LaTeX Info: Redefining \ref on input line 16.
LaTeX Info: Redefining \pageref on input line 16.
LaTeX Info: Redefining \nameref on input line 16.

(./Thesis.out) (./Thesis.out)
\@outlinefile=\write3
\openout3 = `Thesis.out'.


------------------------------------------------------------------------------
 Title Page
------------------------------------------------------------------------------

Package hyperref Warning: Token not allowed in a PDF string (Unicode):
(hyperref)                removing `math shift' on input line 30.


Package hyperref Warning: Token not allowed in a PDF string (Unicode):
(hyperref)                removing `math shift' on input line 30.

LaTeX Font Info:    Try loading font information for U+msa on input line 30.
(/usr/local/texlive/2011/texmf-dist/tex/latex/amsfonts/umsa.fd
File: umsa.fd 2009/06/22 v3.00 AMS symbols A
)
LaTeX Font Info:    Try loading font information for U+msb on input line 30.

(/usr/local/texlive/2011/texmf-dist/tex/latex/amsfonts/umsb.fd
File: umsb.fd 2009/06/22 v3.00 AMS symbols B
) [1



{/usr/local/texlive/2011/texmf-var/fonts/map/pdftex/updmap/pdftex.map}]
------------------------------------------------------------------------------
 Abstract Page
------------------------------------------------------------------------------
[1


]
------------------------------------------------------------------------------
 Acknowledgements
------------------------------------------------------------------------------
[2

]
------------------------------------------------------------------------------
 Table of Contents
------------------------------------------------------------------------------
(./Thesis.toc)
\tf@toc=\write4
\openout4 = `Thesis.toc'.

 [3


] (./Chapters/Chapter1.tex
Chapter 1.
------------------------------------------------------------------------------
 1 Introduction
------------------------------------------------------------------------------

Overfull \hbox (15.9042pt too wide) in paragraph at lines 6--7
\OT1/cmr/m/n/10.95 i-men-tal re-sults are mod-elled based on the work of Blon-d
er,Tinkham, and Klapwijck(BTK)[[]]
 []

Missing character: There is no Õ in font cmr10!
[1



]) (./Chapters/Chapter2.tex [2]
Chapter 2.

Package hyperref Warning: Token not allowed in a PDF string (Unicode):
(hyperref)                removing `math shift' on input line 3.


Package hyperref Warning: Token not allowed in a PDF string (Unicode):
(hyperref)                removing `math shift' on input line 3.

------------------------------------------------------------------------------
 2 Tunnelling Spectroscopy of $D$-Wave Superconductors
------------------------------------------------------------------------------
[3

] [4]
Package epstopdf Info: Source file: <./Figures/2-1-1.eps>
(epstopdf)                    date: 2012-08-12 23:12:45
(epstopdf)                    size: 18385 bytes
(epstopdf)             Output file: <./Figures/2-1-1-eps-converted-to.pdf>
(epstopdf)                    date: 2012-08-12 23:14:06
(epstopdf)                    size: 11660 bytes
(epstopdf)             Command: <epstopdf --outfile=./Figures/2-1-1-eps-convert
ed-to.pdf ./Figures/2-1-1.eps>
(epstopdf)             \includegraphics on input line 68.
Package epstopdf Info: Output file is already uptodate.

<./Figures/2-1-1-eps-converted-to.pdf, id=223, 633.36626pt x 445.665pt>
File: ./Figures/2-1-1-eps-converted-to.pdf Graphic file (type pdf)

<use ./Figures/2-1-1-eps-converted-to.pdf>
Package pdftex.def Info: ./Figures/2-1-1-eps-converted-to.pdf used on input lin
e 68.
(pdftex.def)             Requested size: 284.52756pt x 200.20738pt.


Package hyperref Warning: Token not allowed in a PDF string (Unicode):
(hyperref)                removing `math shift' on input line 74.


Package hyperref Warning: Token not allowed in a PDF string (Unicode):
(hyperref)                removing `math shift' on input line 74.

[5 <./Figures/2-1-1-eps-converted-to.pdf>]

Package hyperref Warning: Token not allowed in a PDF string (Unicode):
(hyperref)                removing `math shift' on input line 99.


Package hyperref Warning: Token not allowed in a PDF string (Unicode):
(hyperref)                removing `\sigma' on input line 99.


Package hyperref Warning: Token not allowed in a PDF string (Unicode):
(hyperref)                removing `subscript' on input line 99.


Package hyperref Warning: Token not allowed in a PDF string (Unicode):
(hyperref)                removing `math shift' on input line 99.

Package epstopdf Info: Source file: <./Figures/2-2-1.eps>
(epstopdf)                    date: 2012-08-30 11:32:07
(epstopdf)                    size: 10449 bytes
(epstopdf)             Output file: <./Figures/2-2-1-eps-converted-to.pdf>
(epstopdf)                    date: 2012-08-30 12:05:26
(epstopdf)                    size: 8466 bytes
(epstopdf)             Command: <epstopdf --outfile=./Figures/2-2-1-eps-convert
ed-to.pdf ./Figures/2-2-1.eps>
(epstopdf)             \includegraphics on input line 106.
Package epstopdf Info: Output file is already uptodate.
<./Figures/2-2-1-eps-converted-to.pdf, id=250, 633.36626pt x 445.665pt>
File: ./Figures/2-2-1-eps-converted-to.pdf Graphic file (type pdf)

<use ./Figures/2-2-1-eps-converted-to.pdf>
Package pdftex.def Info: ./Figures/2-2-1-eps-converted-to.pdf used on input lin
e 106.
(pdftex.def)             Requested size: 284.52756pt x 200.20738pt.
 [6]
Package epstopdf Info: Source file: <Figures/2-2-2.eps>
(epstopdf)                    date: 2012-05-09 15:00:44
(epstopdf)                    size: 23002 bytes
(epstopdf)             Output file: <Figures/2-2-2-eps-converted-to.pdf>
(epstopdf)                    date: 2012-08-07 11:46:00
(epstopdf)                    size: 15572 bytes
(epstopdf)             Command: <epstopdf --outfile=Figures/2-2-2-eps-converted
-to.pdf Figures/2-2-2.eps>
(epstopdf)             \includegraphics on input line 134.
Package epstopdf Info: Output file is already uptodate.

<Figures/2-2-2-eps-converted-to.pdf, id=262, 562.1pt x 421.575pt>
File: Figures/2-2-2-eps-converted-to.pdf Graphic file (type pdf)

<use Figures/2-2-2-eps-converted-to.pdf>
Package pdftex.def Info: Figures/2-2-2-eps-converted-to.pdf used on input line 
134.
(pdftex.def)             Requested size: 284.52756pt x 213.39221pt.
 [7 <./Figures/2-2-1-eps-converted-to.pdf>]

Package hyperref Warning: Token not allowed in a PDF string (Unicode):
(hyperref)                removing `math shift' on input line 151.


Package hyperref Warning: Token not allowed in a PDF string (Unicode):
(hyperref)                removing `math shift' on input line 151.

[8 <./Figures/2-2-2-eps-converted-to.pdf>]
Package epstopdf Info: Source file: <Figures/ab-tunnelling.eps>
(epstopdf)                    date: 2012-08-27 14:52:15
(epstopdf)                    size: 8183 bytes
(epstopdf)             Output file: <Figures/ab-tunnelling-eps-converted-to.pdf
>
(epstopdf)                    date: 2012-08-27 14:55:29
(epstopdf)                    size: 5145 bytes
(epstopdf)             Command: <epstopdf --outfile=Figures/ab-tunnelling-eps-c
onverted-to.pdf Figures/ab-tunnelling.eps>
(epstopdf)             \includegraphics on input line 174.
Package epstopdf Info: Output file is already uptodate.

<Figures/ab-tunnelling-eps-converted-to.pdf, id=301, 633.36626pt x 445.665pt>
File: Figures/ab-tunnelling-eps-converted-to.pdf Graphic file (type pdf)

<use Figures/ab-tunnelling-eps-converted-to.pdf>
Package pdftex.def Info: Figures/ab-tunnelling-eps-converted-to.pdf used on inp
ut line 174.
(pdftex.def)             Requested size: 284.52756pt x 200.20738pt.
Package epstopdf Info: Source file: <Figures/2-2-5.eps>
(epstopdf)                    date: 2012-05-09 16:43:01
(epstopdf)                    size: 12721 bytes
(epstopdf)             Output file: <Figures/2-2-5-eps-converted-to.pdf>
(epstopdf)                    date: 2012-08-07 17:31:39
(epstopdf)                    size: 8666 bytes
(epstopdf)             Command: <epstopdf --outfile=Figures/2-2-5-eps-converted
-to.pdf Figures/2-2-5.eps>
(epstopdf)             \includegraphics on input line 188.
Package epstopdf Info: Output file is already uptodate.

<Figures/2-2-5-eps-converted-to.pdf, id=303, 624.3325pt x 446.66875pt>
File: Figures/2-2-5-eps-converted-to.pdf Graphic file (type pdf)

<use Figures/2-2-5-eps-converted-to.pdf>
Package pdftex.def Info: Figures/2-2-5-eps-converted-to.pdf used on input line 
188.
(pdftex.def)             Requested size: 284.52756pt x 203.56174pt.
Package epstopdf Info: Source file: <Figures/2-2-4.eps>
(epstopdf)                    date: 2012-08-07 17:24:29
(epstopdf)                    size: 36188 bytes
(epstopdf)             Output file: <Figures/2-2-4-eps-converted-to.pdf>
(epstopdf)                    date: 2012-08-07 17:25:42
(epstopdf)                    size: 22543 bytes
(epstopdf)             Command: <epstopdf --outfile=Figures/2-2-4-eps-converted
-to.pdf Figures/2-2-4.eps>
(epstopdf)             \includegraphics on input line 199.
Package epstopdf Info: Output file is already uptodate.

<Figures/2-2-4-eps-converted-to.pdf, id=305, 633.36626pt x 445.665pt>
File: Figures/2-2-4-eps-converted-to.pdf Graphic file (type pdf)

<use Figures/2-2-4-eps-converted-to.pdf>
Package pdftex.def Info: Figures/2-2-4-eps-converted-to.pdf used on input line 
199.
(pdftex.def)             Requested size: 284.52756pt x 200.20738pt.
Package epstopdf Info: Source file: <Figures/2-2-6.eps>
(epstopdf)                    date: 2012-05-09 17:10:40
(epstopdf)                    size: 30467 bytes
(epstopdf)             Output file: <Figures/2-2-6-eps-converted-to.pdf>
(epstopdf)                    date: 2012-08-07 17:33:44
(epstopdf)                    size: 10693 bytes
(epstopdf)             Command: <epstopdf --outfile=Figures/2-2-6-eps-converted
-to.pdf Figures/2-2-6.eps>
(epstopdf)             \includegraphics on input line 212.
Package epstopdf Info: Output file is already uptodate.

<Figures/2-2-6-eps-converted-to.pdf, id=309, 624.3325pt x 446.66875pt>
File: Figures/2-2-6-eps-converted-to.pdf Graphic file (type pdf)

<use Figures/2-2-6-eps-converted-to.pdf>
Package pdftex.def Info: Figures/2-2-6-eps-converted-to.pdf used on input line 
212.
(pdftex.def)             Requested size: 341.43306pt x 244.27818pt.
 [9 <./Figures/ab-tunnelling-eps-converted-to.pdf>] <Figures/2-2-8.pdf, id=328,
 614.295pt x 794.97pt>
File: Figures/2-2-8.pdf Graphic file (type pdf)

<use Figures/2-2-8.pdf>
Package pdftex.def Info: Figures/2-2-8.pdf used on input line 221.
(pdftex.def)             Requested size: 341.43306pt x 441.85648pt.
 [10 <./Figures/2-2-5-eps-converted-to.pdf> <./Figures/2-2-4-eps-converted-to.p
df>]
Package epstopdf Info: Source file: <Figures/2-2-9.eps>
(epstopdf)                    date: 2012-05-09 18:01:37
(epstopdf)                    size: 3580133 bytes
(epstopdf)             Output file: <Figures/2-2-9-eps-converted-to.pdf>
(epstopdf)                    date: 2012-08-07 17:33:46
(epstopdf)                    size: 641514 bytes
(epstopdf)             Command: <epstopdf --outfile=Figures/2-2-9-eps-converted
-to.pdf Figures/2-2-9.eps>
(epstopdf)             \includegraphics on input line 235.
Package epstopdf Info: Output file is already uptodate.

<Figures/2-2-9-eps-converted-to.pdf, id=348, 562.1pt x 421.575pt>
File: Figures/2-2-9-eps-converted-to.pdf Graphic file (type pdf)

<use Figures/2-2-9-eps-converted-to.pdf>
Package pdftex.def Info: Figures/2-2-9-eps-converted-to.pdf used on input line 
235.
(pdftex.def)             Requested size: 341.43306pt x 256.07324pt.
 [11 <./Figures/2-2-6-eps-converted-to.pdf>] [12 <./Figures/2-2-8.pdf>]

Package hyperref Warning: Token not allowed in a PDF string (Unicode):
(hyperref)                removing `math shift' on input line 253.


Package hyperref Warning: Token not allowed in a PDF string (Unicode):
(hyperref)                removing `math shift' on input line 253.

Package epstopdf Info: Source file: <./Figures/c-tunnelling.eps>
(epstopdf)                    date: 2012-08-28 17:29:53
(epstopdf)                    size: 38497 bytes
(epstopdf)             Output file: <./Figures/c-tunnelling-eps-converted-to.pd
f>
(epstopdf)                    date: 2012-08-28 17:30:00
(epstopdf)                    size: 17765 bytes
(epstopdf)             Command: <epstopdf --outfile=./Figures/c-tunnelling-eps-
converted-to.pdf ./Figures/c-tunnelling.eps>
(epstopdf)             \includegraphics on input line 258.
Package epstopdf Info: Output file is already uptodate.

<./Figures/c-tunnelling-eps-converted-to.pdf, id=374, 633.36626pt x 445.665pt>
File: ./Figures/c-tunnelling-eps-converted-to.pdf Graphic file (type pdf)

<use ./Figures/c-tunnelling-eps-converted-to.pdf>
Package pdftex.def Info: ./Figures/c-tunnelling-eps-converted-to.pdf used on in
put line 258.
(pdftex.def)             Requested size: 341.43306pt x 240.25429pt.
 [13 <./Figures/2-2-9-eps-converted-to.pdf>] [14 <./Figures/c-tunnelling-eps-co
nverted-to.pdf>]
Package epstopdf Info: Source file: <./Figures/Fitting.eps>
(epstopdf)                    date: 2012-08-29 22:37:10
(epstopdf)                    size: 23341 bytes
(epstopdf)             Output file: <./Figures/Fitting-eps-converted-to.pdf>
(epstopdf)                    date: 2012-08-29 23:54:32
(epstopdf)                    size: 14019 bytes
(epstopdf)             Command: <epstopdf --outfile=./Figures/Fitting-eps-conve
rted-to.pdf ./Figures/Fitting.eps>
(epstopdf)             \includegraphics on input line 288.
Package epstopdf Info: Output file is already uptodate.

<./Figures/Fitting-eps-converted-to.pdf, id=407, 633.36626pt x 445.665pt>
File: ./Figures/Fitting-eps-converted-to.pdf Graphic file (type pdf)

<use ./Figures/Fitting-eps-converted-to.pdf>
Package pdftex.def Info: ./Figures/Fitting-eps-converted-to.pdf used on input l
ine 288.
(pdftex.def)             Requested size: 341.43306pt x 240.25429pt.
Package epstopdf Info: Source file: <Figures/gap.eps>
(epstopdf)                    date: 2012-08-29 23:54:20
(epstopdf)                    size: 10960 bytes
(epstopdf)             Output file: <Figures/gap-eps-converted-to.pdf>
(epstopdf)                    date: 2012-08-29 23:54:32
(epstopdf)                    size: 9021 bytes
(epstopdf)             Command: <epstopdf --outfile=Figures/gap-eps-converted-t
o.pdf Figures/gap.eps>
(epstopdf)             \includegraphics on input line 297.
Package epstopdf Info: Output file is already uptodate.

<Figures/gap-eps-converted-to.pdf, id=409, 633.36626pt x 445.665pt>
File: Figures/gap-eps-converted-to.pdf Graphic file (type pdf)

<use Figures/gap-eps-converted-to.pdf>
Package pdftex.def Info: Figures/gap-eps-converted-to.pdf used on input line 29
7.
(pdftex.def)             Requested size: 227.62204pt x 160.16046pt.
 [15 <./Figures/Fitting-eps-converted-to.pdf>]) (./Chapters/Chapter3.tex [16 <.
/Figures/gap-eps-converted-to.pdf>]
Chapter 3.
------------------------------------------------------------------------------
 3 Tunnelling Spectroscopy with Proximity Effect
------------------------------------------------------------------------------
[17

] [18]
Package epstopdf Info: Source file: <./Figures/3-2-1.eps>
(epstopdf)                    date: 2012-08-23 18:36:56
(epstopdf)                    size: 18517 bytes
(epstopdf)             Output file: <./Figures/3-2-1-eps-converted-to.pdf>
(epstopdf)                    date: 2012-08-23 18:37:04
(epstopdf)                    size: 14495 bytes
(epstopdf)             Command: <epstopdf --outfile=./Figures/3-2-1-eps-convert
ed-to.pdf ./Figures/3-2-1.eps>
(epstopdf)             \includegraphics on input line 73.
Package epstopdf Info: Output file is already uptodate.

<./Figures/3-2-1-eps-converted-to.pdf, id=459, 633.36626pt x 445.665pt>
File: ./Figures/3-2-1-eps-converted-to.pdf Graphic file (type pdf)

<use ./Figures/3-2-1-eps-converted-to.pdf>
Package pdftex.def Info: ./Figures/3-2-1-eps-converted-to.pdf used on input lin
e 73.
(pdftex.def)             Requested size: 284.52756pt x 200.20738pt.

Overfull \hbox (6.80959pt too wide) in paragraph at lines 69--79
\OT1/cmr/m/n/10.95 We di-vide the tun-nelling axis into four re-gions, named 's
u-per','reduced','induced','normal',
 []

[19] [20 <./Figures/3-2-1-eps-converted-to.pdf>] [21]
Overfull \hbox (14.02315pt too wide) in paragraph at lines 231--231
[]\OT1/cmr/bx/n/14.4 Properties of Tun-nelling Spec-troscopy Ker-nel with Prox-

 []

[22]
Package epstopdf Info: Source file: <./Figures/3-2-8.eps>
(epstopdf)                    date: 2012-08-23 21:13:28
(epstopdf)                    size: 25785 bytes
(epstopdf)             Output file: <./Figures/3-2-8-eps-converted-to.pdf>
(epstopdf)                    date: 2012-08-23 21:13:35
(epstopdf)                    size: 16555 bytes
(epstopdf)             Command: <epstopdf --outfile=./Figures/3-2-8-eps-convert
ed-to.pdf ./Figures/3-2-8.eps>
(epstopdf)             \includegraphics on input line 257.
Package epstopdf Info: Output file is already uptodate.
 <./Figures/3-2-8-eps-converted-to.pdf, id=525, 633.36626pt x 445.665pt>
File: ./Figures/3-2-8-eps-converted-to.pdf Graphic file (type pdf)

<use ./Figures/3-2-8-eps-converted-to.pdf>
Package pdftex.def Info: ./Figures/3-2-8-eps-converted-to.pdf used on input lin
e 257.
(pdftex.def)             Requested size: 284.52756pt x 200.20738pt.
Package epstopdf Info: Source file: <./Figures/3-2-9.eps>
(epstopdf)                    date: 2012-08-17 16:59:30
(epstopdf)                    size: 15461 bytes
(epstopdf)             Output file: <./Figures/3-2-9-eps-converted-to.pdf>
(epstopdf)                    date: 2012-08-20 16:02:23
(epstopdf)                    size: 8790 bytes
(epstopdf)             Command: <epstopdf --outfile=./Figures/3-2-9-eps-convert
ed-to.pdf ./Figures/3-2-9.eps>
(epstopdf)             \includegraphics on input line 267.
Package epstopdf Info: Output file is already uptodate.

<./Figures/3-2-9-eps-converted-to.pdf, id=527, 633.36626pt x 425.59pt>
File: ./Figures/3-2-9-eps-converted-to.pdf Graphic file (type pdf)

<use ./Figures/3-2-9-eps-converted-to.pdf>
Package pdftex.def Info: ./Figures/3-2-9-eps-converted-to.pdf used on input lin
e 267.
(pdftex.def)             Requested size: 284.52756pt x 191.18903pt.


Package hyperref Warning: Token not allowed in a PDF string (Unicode):
(hyperref)                removing `math shift' on input line 273.


Package hyperref Warning: Token not allowed in a PDF string (Unicode):
(hyperref)                removing `math shift' on input line 273.

Package epstopdf Info: Source file: <Figures/3-3-4.eps>
(epstopdf)                    date: 2012-08-22 17:08:33
(epstopdf)                    size: 17706 bytes
(epstopdf)             Output file: <Figures/3-3-4-eps-converted-to.pdf>
(epstopdf)                    date: 2012-08-22 17:12:39
(epstopdf)                    size: 11965 bytes
(epstopdf)             Command: <epstopdf --outfile=Figures/3-3-4-eps-converted
-to.pdf Figures/3-3-4.eps>
(epstopdf)             \includegraphics on input line 280.
Package epstopdf Info: Output file is already uptodate.
<Figures/3-3-4-eps-converted-to.pdf, id=531, 633.36626pt x 425.59pt>
File: Figures/3-3-4-eps-converted-to.pdf Graphic file (type pdf)

<use Figures/3-3-4-eps-converted-to.pdf>
Package pdftex.def Info: Figures/3-3-4-eps-converted-to.pdf used on input line 
280.
(pdftex.def)             Requested size: 284.52756pt x 191.18903pt.
Package epstopdf Info: Source file: <Figures/3-3-5.eps>
(epstopdf)                    date: 2012-08-22 17:01:02
(epstopdf)                    size: 17576 bytes
(epstopdf)             Output file: <Figures/3-3-5-eps-converted-to.pdf>
(epstopdf)                    date: 2012-08-22 17:12:39
(epstopdf)                    size: 11690 bytes
(epstopdf)             Command: <epstopdf --outfile=Figures/3-3-5-eps-converted
-to.pdf Figures/3-3-5.eps>
(epstopdf)             \includegraphics on input line 287.
Package epstopdf Info: Output file is already uptodate.

<Figures/3-3-5-eps-converted-to.pdf, id=532, 633.36626pt x 445.665pt>
File: Figures/3-3-5-eps-converted-to.pdf Graphic file (type pdf)

<use Figures/3-3-5-eps-converted-to.pdf>
Package pdftex.def Info: Figures/3-3-5-eps-converted-to.pdf used on input line 
287.
(pdftex.def)             Requested size: 284.52756pt x 200.20738pt.
Package epstopdf Info: Source file: <Figures/3-3-6.eps>
(epstopdf)                    date: 2012-08-22 17:03:08
(epstopdf)                    size: 17643 bytes
(epstopdf)             Output file: <Figures/3-3-6-eps-converted-to.pdf>
(epstopdf)                    date: 2012-08-22 17:12:40
(epstopdf)                    size: 11394 bytes
(epstopdf)             Command: <epstopdf --outfile=Figures/3-3-6-eps-converted
-to.pdf Figures/3-3-6.eps>
(epstopdf)             \includegraphics on input line 294.
Package epstopdf Info: Output file is already uptodate.

<Figures/3-3-6-eps-converted-to.pdf, id=533, 633.36626pt x 445.665pt>
File: Figures/3-3-6-eps-converted-to.pdf Graphic file (type pdf)

<use Figures/3-3-6-eps-converted-to.pdf>
Package pdftex.def Info: Figures/3-3-6-eps-converted-to.pdf used on input line 
294.
(pdftex.def)             Requested size: 284.52756pt x 200.20738pt.
Package epstopdf Info: Source file: <Figures/3-3-3.eps>
(epstopdf)                    date: 2012-08-13 14:32:22
(epstopdf)                    size: 19316 bytes
(epstopdf)             Output file: <Figures/3-3-3-eps-converted-to.pdf>
(epstopdf)                    date: 2012-08-13 14:32:34
(epstopdf)                    size: 11081 bytes
(epstopdf)             Command: <epstopdf --outfile=Figures/3-3-3-eps-converted
-to.pdf Figures/3-3-3.eps>
(epstopdf)             \includegraphics on input line 321.
Package epstopdf Info: Output file is already uptodate.

<Figures/3-3-3-eps-converted-to.pdf, id=537, 633.36626pt x 425.59pt>
File: Figures/3-3-3-eps-converted-to.pdf Graphic file (type pdf)

<use Figures/3-3-3-eps-converted-to.pdf>
Package pdftex.def Info: Figures/3-3-3-eps-converted-to.pdf used on input line 
321.
(pdftex.def)             Requested size: 284.52756pt x 191.18903pt.
 [23]
Package epstopdf Info: Source file: <./Figures/3dinduce.eps>
(epstopdf)                    date: 2012-08-21 10:01:05
(epstopdf)                    size: 5339730 bytes
(epstopdf)             Output file: <./Figures/3dinduce-eps-converted-to.pdf>
(epstopdf)                    date: 2012-08-21 10:05:47
(epstopdf)                    size: 997064 bytes
(epstopdf)             Command: <epstopdf --outfile=./Figures/3dinduce-eps-conv
erted-to.pdf ./Figures/3dinduce.eps>
(epstopdf)             \includegraphics on input line 332.
Package epstopdf Info: Output file is already uptodate.

<./Figures/3dinduce-eps-converted-to.pdf, id=551, 633.36626pt x 445.665pt>
File: ./Figures/3dinduce-eps-converted-to.pdf Graphic file (type pdf)

<use ./Figures/3dinduce-eps-converted-to.pdf>
Package pdftex.def Info: ./Figures/3dinduce-eps-converted-to.pdf used on input 
line 332.
(pdftex.def)             Requested size: 284.52756pt x 200.20738pt.
 [24 <./Figures/3-2-8-eps-converted-to.pdf> <./Figures/3-2-9-eps-converted-to.p
df>]
<./Figures/3dreduceinduce.pdf, id=576, 614.295pt x 794.97pt>
File: ./Figures/3dreduceinduce.pdf Graphic file (type pdf)

<use ./Figures/3dreduceinduce.pdf>
Package pdftex.def Info: ./Figures/3dreduceinduce.pdf used on input line 342.
(pdftex.def)             Requested size: 341.43306pt x 441.85648pt.


Package hyperref Warning: Token not allowed in a PDF string (Unicode):
(hyperref)                removing `math shift' on input line 348.


Package hyperref Warning: Token not allowed in a PDF string (Unicode):
(hyperref)                removing `math shift' on input line 348.

Package epstopdf Info: Source file: <./Figures/3-5-1.eps>
(epstopdf)                    date: 2012-08-28 11:47:14
(epstopdf)                    size: 8507 bytes
(epstopdf)             Output file: <./Figures/3-5-1-eps-converted-to.pdf>
(epstopdf)                    date: 2012-08-28 11:47:18
(epstopdf)                    size: 6905 bytes
(epstopdf)             Command: <epstopdf --outfile=./Figures/3-5-1-eps-convert
ed-to.pdf ./Figures/3-5-1.eps>
(epstopdf)             \includegraphics on input line 352.
Package epstopdf Info: Output file is already uptodate.
<./Figures/3-5-1-eps-converted-to.pdf, id=577, 633.36626pt x 425.59pt>
File: ./Figures/3-5-1-eps-converted-to.pdf Graphic file (type pdf)

<use ./Figures/3-5-1-eps-converted-to.pdf>
Package pdftex.def Info: ./Figures/3-5-1-eps-converted-to.pdf used on input lin
e 352.
(pdftex.def)             Requested size: 284.52756pt x 191.18903pt.
 [25 <./Figures/3-3-4-eps-converted-to.pdf> <./Figures/3-3-5-eps-converted-to.p
df>] [26 <./Figures/3-3-6-eps-converted-to.pdf> <./Figures/3-3-3-eps-converted-
to.pdf>] [27 <./Figures/3dinduce-eps-converted-to.pdf>] [28 <./Figures/3dreduce
induce.pdf>]
Package epstopdf Info: Source file: <./Figures/BdGdwaveab.eps>
(epstopdf)                    date: 2012-08-24 16:14:28
(epstopdf)                    size: 131025 bytes
(epstopdf)             Output file: <./Figures/BdGdwaveab-eps-converted-to.pdf>

(epstopdf)                    date: 2012-08-24 16:14:44
(epstopdf)                    size: 103730 bytes
(epstopdf)             Command: <epstopdf --outfile=./Figures/BdGdwaveab-eps-co
nverted-to.pdf ./Figures/BdGdwaveab.eps>
(epstopdf)             \includegraphics on input line 408.
Package epstopdf Info: Output file is already uptodate.

<./Figures/BdGdwaveab-eps-converted-to.pdf, id=660, 633.36626pt x 445.665pt>
File: ./Figures/BdGdwaveab-eps-converted-to.pdf Graphic file (type pdf)

<use ./Figures/BdGdwaveab-eps-converted-to.pdf>
Package pdftex.def Info: ./Figures/BdGdwaveab-eps-converted-to.pdf used on inpu
t line 408.
(pdftex.def)             Requested size: 227.62204pt x 160.16046pt.
 [29 <./Figures/3-5-1-eps-converted-to.pdf>]
Package epstopdf Info: Source file: <./Figures/Dcz.eps>
(epstopdf)                    date: 2012-08-30 10:18:35
(epstopdf)                    size: 15291 bytes
(epstopdf)             Output file: <./Figures/Dcz-eps-converted-to.pdf>
(epstopdf)                    date: 2012-08-30 10:19:02
(epstopdf)                    size: 10744 bytes
(epstopdf)             Command: <epstopdf --outfile=./Figures/Dcz-eps-converted
-to.pdf ./Figures/Dcz.eps>
(epstopdf)             \includegraphics on input line 422.
Package epstopdf Info: Output file is already uptodate.

<./Figures/Dcz-eps-converted-to.pdf, id=679, 633.36626pt x 445.665pt>
File: ./Figures/Dcz-eps-converted-to.pdf Graphic file (type pdf)

<use ./Figures/Dcz-eps-converted-to.pdf>
Package pdftex.def Info: ./Figures/Dcz-eps-converted-to.pdf used on input line 
422.
(pdftex.def)             Requested size: 227.62204pt x 160.16046pt.
Package epstopdf Info: Source file: <./Figures/fulldab2104.eps>
(epstopdf)                    date: 2012-08-28 00:25:41
(epstopdf)                    size: 13375 bytes
(epstopdf)             Output file: <./Figures/fulldab2104-eps-converted-to.pdf
>
(epstopdf)                    date: 2012-08-28 00:40:18
(epstopdf)                    size: 8169 bytes
(epstopdf)             Command: <epstopdf --outfile=./Figures/fulldab2104-eps-c
onverted-to.pdf ./Figures/fulldab2104.eps>
(epstopdf)             \includegraphics on input line 434.
Package epstopdf Info: Output file is already uptodate.

<./Figures/fulldab2104-eps-converted-to.pdf, id=689, 633.36626pt x 445.665pt>
File: ./Figures/fulldab2104-eps-converted-to.pdf Graphic file (type pdf)

<use ./Figures/fulldab2104-eps-converted-to.pdf>
Package pdftex.def Info: ./Figures/fulldab2104-eps-converted-to.pdf used on inp
ut line 434.
(pdftex.def)             Requested size: 227.62204pt x 160.16046pt.
Package epstopdf Info: Source file: <./Figures/fulldabfull.eps>
(epstopdf)                    date: 2012-08-28 10:52:34
(epstopdf)                    size: 15844 bytes
(epstopdf)             Output file: <./Figures/fulldabfull-eps-converted-to.pdf
>
(epstopdf)                    date: 2012-08-28 10:52:42
(epstopdf)                    size: 9636 bytes
(epstopdf)             Command: <epstopdf --outfile=./Figures/fulldabfull-eps-c
onverted-to.pdf ./Figures/fulldabfull.eps>
(epstopdf)             \includegraphics on input line 442.
Package epstopdf Info: Output file is already uptodate.

<./Figures/fulldabfull-eps-converted-to.pdf, id=690, 633.36626pt x 445.665pt>
File: ./Figures/fulldabfull-eps-converted-to.pdf Graphic file (type pdf)

<use ./Figures/fulldabfull-eps-converted-to.pdf>
Package pdftex.def Info: ./Figures/fulldabfull-eps-converted-to.pdf used on inp
ut line 442.
(pdftex.def)             Requested size: 227.62204pt x 160.16046pt.
 [30 <./Figures/BdGdwaveab-eps-converted-to.pdf> <./Figures/Dcz-eps-converted-t
o.pdf>]
Package epstopdf Info: Source file: <./Figures/dcnewsingle.eps>
(epstopdf)                    date: 2012-08-30 22:23:41
(epstopdf)                    size: 12345 bytes
(epstopdf)             Output file: <./Figures/dcnewsingle-eps-converted-to.pdf
>
(epstopdf)                    date: 2012-08-30 22:36:12
(epstopdf)                    size: 8681 bytes
(epstopdf)             Command: <epstopdf --outfile=./Figures/dcnewsingle-eps-c
onverted-to.pdf ./Figures/dcnewsingle.eps>
(epstopdf)             \includegraphics on input line 452.
Package epstopdf Info: Output file is already uptodate.

<./Figures/dcnewsingle-eps-converted-to.pdf, id=712, 633.36626pt x 445.665pt>
File: ./Figures/dcnewsingle-eps-converted-to.pdf Graphic file (type pdf)

<use ./Figures/dcnewsingle-eps-converted-to.pdf>
Package pdftex.def Info: ./Figures/dcnewsingle-eps-converted-to.pdf used on inp
ut line 452.
(pdftex.def)             Requested size: 227.62204pt x 160.16046pt.
Package epstopdf Info: Source file: <./Figures/dcnewfull.eps>
(epstopdf)                    date: 2012-08-30 22:25:11
(epstopdf)                    size: 13758 bytes
(epstopdf)             Output file: <./Figures/dcnewfull-eps-converted-to.pdf>
(epstopdf)                    date: 2012-08-30 22:36:12
(epstopdf)                    size: 9296 bytes
(epstopdf)             Command: <epstopdf --outfile=./Figures/dcnewfull-eps-con
verted-to.pdf ./Figures/dcnewfull.eps>
(epstopdf)             \includegraphics on input line 460.
Package epstopdf Info: Output file is already uptodate.

<./Figures/dcnewfull-eps-converted-to.pdf, id=713, 633.36626pt x 445.665pt>
File: ./Figures/dcnewfull-eps-converted-to.pdf Graphic file (type pdf)

<use ./Figures/dcnewfull-eps-converted-to.pdf>
Package pdftex.def Info: ./Figures/dcnewfull-eps-converted-to.pdf used on input
 line 460.
(pdftex.def)             Requested size: 227.62204pt x 160.16046pt.
 [31 <./Figures/fulldab2104-eps-converted-to.pdf> <./Figures/fulldabfull-eps-co
nverted-to.pdf>])
(./Chapters/Chapter4.tex [32 <./Figures/dcnewsingle-eps-converted-to.pdf> <./Fi
gures/dcnewfull-eps-converted-to.pdf>]
Chapter 4.
------------------------------------------------------------------------------
 4 Future Work
------------------------------------------------------------------------------
) (./Chapters/Chapter5.tex [33

]
Chapter 5.
------------------------------------------------------------------------------
 5 Additional Projects
------------------------------------------------------------------------------
<./Figures/panel.png, id=770, 1197.47375pt x 744.7825pt>
File: ./Figures/panel.png Graphic file (type png)

<use ./Figures/panel.png>
Package pdftex.def Info: ./Figures/panel.png used on input line 16.
(pdftex.def)             Requested size: 369.88582pt x 230.05058pt.
) (./Thesis.bbl [34

 <./Figures/panel.png>] [35

])
Package atveryend Info: Empty hook `BeforeClearDocument' on input line 220.

[36]
Package atveryend Info: Empty hook `AfterLastShipout' on input line 220.
 (./Thesis.aux)
Package atveryend Info: Executing hook `AtVeryEndDocument' on input line 220.
Package atveryend Info: Executing hook `AtEndAfterFileList' on input line 220.
Package rerunfilecheck Info: File `Thesis.out' has not changed.
(rerunfilecheck)             Checksum: 9D046BC5B1282D26A32999DCD6DC3479;7854.


LaTeX Warning: There were multiply-defined labels.

Package atveryend Info: Empty hook `AtVeryVeryEnd' on input line 220.
 ) 
Here is how much of TeX's memory you used:
 11068 strings out of 493633
 159280 string characters out of 3143378
 247452 words of memory out of 3000000
 13975 multiletter control sequences out of 15000+200000
 22494 words of font info for 85 fonts, out of 3000000 for 9000
 831 hyphenation exceptions out of 8191
 49i,12n,45p,1079b,463s stack positions out of 5000i,500n,10000p,200000b,50000s
</usr/local/texlive/2011/texmf-dist/fonts/type1/public/amsfonts/cm/cmbx10.pfb
></usr/local/texlive/2011/texmf-dist/fonts/type1/public/amsfonts/cm/cmbx12.pfb>
</usr/local/texlive/2011/texmf-dist/fonts/type1/public/amsfonts/cm/cmbx8.pfb></
usr/local/texlive/2011/texmf-dist/fonts/type1/public/amsfonts/cm/cmcsc10.pfb></
usr/local/texlive/2011/texmf-dist/fonts/type1/public/amsfonts/cm/cmex10.pfb></u
sr/local/texlive/2011/texmf-dist/fonts/type1/public/amsfonts/cm/cmmi10.pfb></us
r/local/texlive/2011/texmf-dist/fonts/type1/public/amsfonts/cm/cmmi12.pfb></usr
/local/texlive/2011/texmf-dist/fonts/type1/public/amsfonts/cm/cmmi6.pfb></usr/l
ocal/texlive/2011/texmf-dist/fonts/type1/public/amsfonts/cm/cmmi7.pfb></usr/loc
al/texlive/2011/texmf-dist/fonts/type1/public/amsfonts/cm/cmmi8.pfb></usr/local
/texlive/2011/texmf-dist/fonts/type1/public/amsfonts/cm/cmr10.pfb></usr/local/t
exlive/2011/texmf-dist/fonts/type1/public/amsfonts/cm/cmr12.pfb></usr/local/tex
live/2011/texmf-dist/fonts/type1/public/amsfonts/cm/cmr17.pfb></usr/local/texli
ve/2011/texmf-dist/fonts/type1/public/amsfonts/cm/cmr5.pfb></usr/local/texlive/
2011/texmf-dist/fonts/type1/public/amsfonts/cm/cmr6.pfb></usr/local/texlive/201
1/texmf-dist/fonts/type1/public/amsfonts/cm/cmr7.pfb></usr/local/texlive/2011/t
exmf-dist/fonts/type1/public/amsfonts/cm/cmr8.pfb></usr/local/texlive/2011/texm
f-dist/fonts/type1/public/amsfonts/cm/cmsy10.pfb></usr/local/texlive/2011/texmf
-dist/fonts/type1/public/amsfonts/cm/cmsy6.pfb></usr/local/texlive/2011/texmf-d
ist/fonts/type1/public/amsfonts/cm/cmsy7.pfb></usr/local/texlive/2011/texmf-dis
t/fonts/type1/public/amsfonts/cm/cmsy8.pfb></usr/local/texlive/2011/texmf-dist/
fonts/type1/public/amsfonts/cm/cmti10.pfb></usr/local/texlive/2011/texmf-dist/f
onts/type1/public/amsfonts/cm/cmti12.pfb></usr/local/texlive/2011/texmf-dist/fo
nts/type1/public/amsfonts/symbols/msbm10.pfb></usr/local/texlive/2011/texmf-dis
t/fonts/type1/public/amsfonts/symbols/msbm7.pfb>
Output written on Thesis.pdf (40 pages, 2426560 bytes).
PDF statistics:
 908 PDF objects out of 1000 (max. 8388607)
 761 compressed objects within 8 object streams
 175 named destinations out of 1000 (max. 500000)
 354 words of extra memory for PDF output out of 10000 (max. 10000000)

